<?xml version="1.0" encoding="UTF-8"?>
<robot generator="Robot 5.0.1 (Python 3.10.4 on win32)" generated="20220713 18:56:53.142" rpa="false" schemaversion="3">
<suite id="s1" name="CheckBox" source="C:\Users\00003983\development\Day1PythonPgm\TestScripts\CheckBox.robot">
<test id="s1-t1" name="CheckBox_Validation" line="17">
<kw name="Launch_the_browser">
<kw name="Open Browser" library="SeleniumLibrary">
<arg>https://the-internet.herokuapp.com/checkboxes</arg>
<arg>Chrome</arg>
<doc>Opens a new browser instance to the optional ``url``.</doc>
<msg timestamp="20220713 18:56:53.604" level="INFO">Opening browser 'Chrome' to base url 'https://the-internet.herokuapp.com/checkboxes'.</msg>
<status status="PASS" starttime="20220713 18:56:53.604" endtime="20220713 18:56:59.899"/>
</kw>
<kw name="Sleep" library="BuiltIn">
<arg>2</arg>
<doc>Pauses the test executed for the given time.</doc>
<msg timestamp="20220713 18:57:01.918" level="INFO">Slept 2 seconds</msg>
<status status="PASS" starttime="20220713 18:56:59.900" endtime="20220713 18:57:01.919"/>
</kw>
<kw name="Maximize Browser Window" library="SeleniumLibrary">
<doc>Maximizes current browser window.</doc>
<status status="PASS" starttime="20220713 18:57:01.919" endtime="20220713 18:57:02.087"/>
</kw>
<kw name="Sleep" library="BuiltIn">
<arg>2</arg>
<doc>Pauses the test executed for the given time.</doc>
<msg timestamp="20220713 18:57:04.101" level="INFO">Slept 2 seconds</msg>
<status status="PASS" starttime="20220713 18:57:02.087" endtime="20220713 18:57:04.101"/>
</kw>
<status status="PASS" starttime="20220713 18:56:53.604" endtime="20220713 18:57:04.101"/>
</kw>
<kw name="Wait Until Page Contains Element" library="SeleniumLibrary">
<arg>xpath:(//input[@type='checkbox'])[1]</arg>
<doc>Waits until the element ``locator`` appears on the current page.</doc>
<status status="PASS" starttime="20220713 18:57:04.102" endtime="20220713 18:57:04.116"/>
</kw>
<kw name="Checkbox Should Not Be Selected" library="SeleniumLibrary">
<arg>xpath:(//input[@type='checkbox'])[1]</arg>
<doc>Verifies checkbox ``locator`` is not selected/checked.</doc>
<msg timestamp="20220713 18:57:04.118" level="INFO">Verifying checkbox 'xpath:(//input[@type='checkbox'])[1]' is not selected.</msg>
<status status="PASS" starttime="20220713 18:57:04.117" endtime="20220713 18:57:04.165"/>
</kw>
<kw name="Sleep" library="BuiltIn">
<arg>2</arg>
<doc>Pauses the test executed for the given time.</doc>
<msg timestamp="20220713 18:57:06.175" level="INFO">Slept 2 seconds</msg>
<status status="PASS" starttime="20220713 18:57:04.166" endtime="20220713 18:57:06.175"/>
</kw>
<kw name="Checkbox Should Be Selected" library="SeleniumLibrary">
<arg>xpath:(//input[@type='checkbox'])[2]</arg>
<doc>Verifies checkbox ``locator`` is selected/checked.</doc>
<msg timestamp="20220713 18:57:06.177" level="INFO">Verifying checkbox 'xpath:(//input[@type='checkbox'])[2]' is selected.</msg>
<status status="PASS" starttime="20220713 18:57:06.177" endtime="20220713 18:57:06.230"/>
</kw>
<kw name="Sleep" library="BuiltIn">
<arg>2</arg>
<doc>Pauses the test executed for the given time.</doc>
<msg timestamp="20220713 18:57:08.236" level="INFO">Slept 2 seconds</msg>
<status status="PASS" starttime="20220713 18:57:06.230" endtime="20220713 18:57:08.236"/>
</kw>
<kw name="Select Checkbox" library="SeleniumLibrary">
<arg>xpath:(//input[@type='checkbox'])[1]</arg>
<doc>Selects the checkbox identified by ``locator``.</doc>
<msg timestamp="20220713 18:57:08.239" level="INFO">Selecting checkbox 'xpath:(//input[@type='checkbox'])[1]'.</msg>
<status status="PASS" starttime="20220713 18:57:08.238" endtime="20220713 18:57:08.342"/>
</kw>
<kw name="Sleep" library="BuiltIn">
<arg>2</arg>
<doc>Pauses the test executed for the given time.</doc>
<msg timestamp="20220713 18:57:10.352" level="INFO">Slept 2 seconds</msg>
<status status="PASS" starttime="20220713 18:57:08.343" endtime="20220713 18:57:10.352"/>
</kw>
<kw name="Checkbox Should Be Selected" library="SeleniumLibrary">
<arg>xpath:(//input[@type='checkbox'])[1]</arg>
<doc>Verifies checkbox ``locator`` is selected/checked.</doc>
<msg timestamp="20220713 18:57:10.353" level="INFO">Verifying checkbox 'xpath:(//input[@type='checkbox'])[1]' is selected.</msg>
<status status="PASS" starttime="20220713 18:57:10.353" endtime="20220713 18:57:10.397"/>
</kw>
<kw name="Sleep" library="BuiltIn">
<arg>2</arg>
<doc>Pauses the test executed for the given time.</doc>
<msg timestamp="20220713 18:57:12.411" level="INFO">Slept 2 seconds</msg>
<status status="PASS" starttime="20220713 18:57:10.398" endtime="20220713 18:57:12.411"/>
</kw>
<kw name="Unselect Checkbox" library="SeleniumLibrary">
<arg>xpath:(//input[@type='checkbox'])[2]</arg>
<doc>Removes the selection of checkbox identified by ``locator``.</doc>
<msg timestamp="20220713 18:57:12.420" level="INFO">Unselecting checkbox 'xpath:(//input[@type='checkbox'])[2]'.</msg>
<status status="PASS" starttime="20220713 18:57:12.419" endtime="20220713 18:57:12.542"/>
</kw>
<kw name="Sleep" library="BuiltIn">
<arg>2</arg>
<doc>Pauses the test executed for the given time.</doc>
<msg timestamp="20220713 18:57:14.560" level="INFO">Slept 2 seconds</msg>
<status status="PASS" starttime="20220713 18:57:12.547" endtime="20220713 18:57:14.560"/>
</kw>
<kw name="Checkbox Should Not Be Selected" library="SeleniumLibrary">
<arg>xpath:(//input[@type='checkbox'])[2]</arg>
<doc>Verifies checkbox ``locator`` is not selected/checked.</doc>
<msg timestamp="20220713 18:57:14.563" level="INFO">Verifying checkbox 'xpath:(//input[@type='checkbox'])[2]' is not selected.</msg>
<status status="PASS" starttime="20220713 18:57:14.562" endtime="20220713 18:57:14.613"/>
</kw>
<kw name="Sleep" library="BuiltIn">
<arg>2</arg>
<doc>Pauses the test executed for the given time.</doc>
<msg timestamp="20220713 18:57:16.630" level="INFO">Slept 2 seconds</msg>
<status status="PASS" starttime="20220713 18:57:14.615" endtime="20220713 18:57:16.630"/>
</kw>
<kw name="Close_My_Browser">
<kw name="Close All Browsers" library="SeleniumLibrary">
<doc>Closes all open browsers and resets the browser cache.</doc>
<status status="PASS" starttime="20220713 18:57:16.631" endtime="20220713 18:57:20.205"/>
</kw>
<status status="PASS" starttime="20220713 18:57:16.631" endtime="20220713 18:57:20.206"/>
</kw>
<status status="PASS" starttime="20220713 18:56:53.603" endtime="20220713 18:57:20.206"/>
</test>
<status status="PASS" starttime="20220713 18:56:53.146" endtime="20220713 18:57:20.208"/>
</suite>
<statistics>
<total>
<stat pass="1" fail="0" skip="0">All Tests</stat>
</total>
<tag>
</tag>
<suite>
<stat pass="1" fail="0" skip="0" id="s1" name="CheckBox">CheckBox</stat>
</suite>
</statistics>
<errors>
</errors>
</robot>
